16:02:47.051 [main] INFO  testCases.TC_001_OrangeDemoLoginPageTest - ***** Starting TC_001_OrangeDemoLoginPageTest *****
16:02:47.079 [main] INFO  testCases.TC_001_OrangeDemoLoginPageTest - ***** Entering valid username and password from config file  *****
16:02:47.620 [main] INFO  testCases.TC_001_OrangeDemoLoginPageTest - ***** Clicked on LoginButton link *****
16:02:50.836 [main] INFO  testCases.TC_001_OrangeDemoLoginPageTest - Login test passed
16:02:50.838 [main] INFO  testCases.TC_001_OrangeDemoLoginPageTest - ***** Finished TC_001_OrangeDemoLoginPageTestTest *****
16:08:43.738 [main] INFO  testCases.TC_001_OrangeDemoLoginPageTest - ***** Starting TC_001_OrangeDemoLoginPageTest *****
16:08:43.773 [main] INFO  testCases.TC_001_OrangeDemoLoginPageTest - ***** Entering valid username and password from config file  *****
16:08:44.203 [main] INFO  testCases.TC_001_OrangeDemoLoginPageTest - ***** Clicked on LoginButton link *****
16:08:54.835 [main] ERROR testCases.TC_001_OrangeDemoLoginPageTest - Login test failed
19:36:39.865 [main] INFO  testCases.TC_001_OrangeDemoLoginPageTest - ***** Starting TC_001_OrangeDemoLoginPageTest *****
19:36:39.935 [main] INFO  testCases.TC_001_OrangeDemoLoginPageTest - ***** Entering valid username and password from config file  *****
19:36:40.690 [main] INFO  testCases.TC_001_OrangeDemoLoginPageTest - ***** Clicked on LoginButton link *****
19:36:46.524 [main] INFO  testCases.TC_001_OrangeDemoLoginPageTest - Login test passed
19:36:46.530 [main] INFO  testCases.TC_001_OrangeDemoLoginPageTest - ***** Finished TC_001_OrangeDemoLoginPageTestTest *****
23:58:34.035 [main] INFO  testCases.TC_001_OrangeDemoLoginPageTest - ***** Starting TC_001_OrangeDemoLoginPageTest *****
23:58:34.109 [main] INFO  testCases.TC_001_OrangeDemoLoginPageTest - ***** Entering valid username and password from config file  *****
23:58:36.421 [main] INFO  testCases.TC_001_OrangeDemoLoginPageTest - ***** Clicked on LoginButton link *****
23:58:40.146 [main] INFO  testCases.TC_001_OrangeDemoLoginPageTest - Login test passed
23:58:40.153 [main] INFO  testCases.TC_001_OrangeDemoLoginPageTest - ***** Finished TC_001_OrangeDemoLoginPageTestTest *****
23:58:47.503 [main] INFO  testCases.TC_002_addemployee - *****Starting TC_002_addemployee*****
23:58:57.622 [main] ERROR testCases.TC_002_addemployee - Test is failed
00:03:06.277 [main] INFO  testCases.TC_001_OrangeDemoLoginPageTest - ***** Starting TC_001_OrangeDemoLoginPageTest *****
00:03:06.347 [main] INFO  testCases.TC_001_OrangeDemoLoginPageTest - ***** Entering valid username and password from config file  *****
00:03:08.828 [main] INFO  testCases.TC_001_OrangeDemoLoginPageTest - ***** Clicked on LoginButton link *****
00:03:11.227 [main] INFO  testCases.TC_001_OrangeDemoLoginPageTest - Login test passed
00:03:11.232 [main] INFO  testCases.TC_001_OrangeDemoLoginPageTest - ***** Finished TC_001_OrangeDemoLoginPageTestTest *****
00:03:18.859 [main] INFO  testCases.TC_002_addemployee - *****Starting TC_002_addemployee*****
00:03:31.367 [main] INFO  testCases.TC_002_addemployee - ****Finished TC_002 Add employee data
00:07:56.945 [main] INFO  testCases.TC_001_OrangeDemoLoginPageTest - ***** Starting TC_001_OrangeDemoLoginPageTest *****
00:07:57.021 [main] INFO  testCases.TC_001_OrangeDemoLoginPageTest - ***** Entering valid username and password from config file  *****
00:07:57.683 [main] INFO  testCases.TC_001_OrangeDemoLoginPageTest - ***** Clicked on LoginButton link *****
00:08:03.010 [main] INFO  testCases.TC_001_OrangeDemoLoginPageTest - Login test passed
00:08:03.016 [main] INFO  testCases.TC_001_OrangeDemoLoginPageTest - ***** Finished TC_001_OrangeDemoLoginPageTestTest *****
00:08:09.870 [main] INFO  testCases.TC_002_addemployee - *****Starting TC_002_addemployee*****
00:08:21.986 [main] INFO  testCases.TC_002_addemployee - ****Finished TC_002 Add employee data
